Assembler report for and_operator
Mon Sep 23 20:50:04 2024
Quartus Prime Version 23.1std.1 Build 993 05/14/2024 SC Lite Edition


---------------------
; Table of Contents ;
---------------------
  1. Legal Notice
  2. Assembler Summary
  3. Assembler Settings
  4. Assembler Generated Files
  5. Assembler Device Options: C:/Users/Choaib ELMADI/Downloads/D.I.F.Y/7. Electronics/2. FPGA/Getting Started with VHDL/Projects/Quartus/AndOperator/output_files/and_operator.sof
  6. Assembler Messages



----------------
; Legal Notice ;
----------------
Copyright (C) 2024  Intel Corporation. All rights reserved.
Your use of Intel Corporation's design tools, logic functions 
and other software and tools, and any partner logic 
functions, and any output files from any of the foregoing 
(including device programming or simulation files), and any 
associated documentation or information are expressly subject 
to the terms and conditions of the Intel Program License 
Subscription Agreement, the Intel Quartus Prime License Agreement,
the Intel FPGA IP License Agreement, or other applicable license
agreement, including, without limitation, that your use is for
the sole purpose of programming logic devices manufactured by
Intel and sold by Intel or its authorized distributors.  Please
refer to the applicable agreement for further details, at
https://fpgasoftware.intel.com/eula.



+---------------------------------------------------------------+
; Assembler Summary                                             ;
+-----------------------+---------------------------------------+
; Assembler Status      ; Successful - Mon Sep 23 20:50:04 2024 ;
; Revision Name         ; and_operator                          ;
; Top-level Entity Name ; and_operator                          ;
; Family                ; MAX 10                                ;
; Device                ; 10M50DAF484C6GES                      ;
+-----------------------+---------------------------------------+


+----------------------------------+
; Assembler Settings               ;
+--------+---------+---------------+
; Option ; Setting ; Default Value ;
+--------+---------+---------------+


+------------------------------------------------------------------------------------------------------------------------------------------------------+
; Assembler Generated Files                                                                                                                            ;
+------------------------------------------------------------------------------------------------------------------------------------------------------+
; File Name                                                                                                                                            ;
+------------------------------------------------------------------------------------------------------------------------------------------------------+
; C:/Users/Choaib ELMADI/Downloads/D.I.F.Y/7. Electronics/2. FPGA/Getting Started with VHDL/Projects/Quartus/AndOperator/output_files/and_operator.sof ;
+------------------------------------------------------------------------------------------------------------------------------------------------------+


+--------------------------------------------------------------------------------------------------------------------------------------------------------------------------------+
; Assembler Device Options: C:/Users/Choaib ELMADI/Downloads/D.I.F.Y/7. Electronics/2. FPGA/Getting Started with VHDL/Projects/Quartus/AndOperator/output_files/and_operator.sof ;
+----------------+---------------------------------------------------------------------------------------------------------------------------------------------------------------+
; Option         ; Setting                                                                                                                                                       ;
+----------------+---------------------------------------------------------------------------------------------------------------------------------------------------------------+
; JTAG usercode  ; 0x00270024                                                                                                                                                    ;
; Checksum       ; 0x00270024                                                                                                                                                    ;
+----------------+---------------------------------------------------------------------------------------------------------------------------------------------------------------+


+--------------------+
; Assembler Messages ;
+--------------------+
Info: *******************************************************************
Info: Running Quartus Prime Assembler
    Info: Version 23.1std.1 Build 993 05/14/2024 SC Lite Edition
    Info: Processing started: Mon Sep 23 20:49:54 2024
Info: Command: quartus_asm --read_settings_files=off --write_settings_files=off and_operator -c and_operator
Warning (18236): Number of processors has not been specified which may cause overloading on shared machines.  Set the global assignment NUM_PARALLEL_PROCESSORS in your QSF to an appropriate value for best performance.
Info (115031): Writing out detailed assembly data for power analysis
Info (115030): Assembler is generating device programming files
Info: Quartus Prime Assembler was successful. 0 errors, 1 warning
    Info: Peak virtual memory: 4713 megabytes
    Info: Processing ended: Mon Sep 23 20:50:04 2024
    Info: Elapsed time: 00:00:10
    Info: Total CPU time (on all processors): 00:00:09


