Analysis & Synthesis report for four_bits_counter
Sat Oct 19 16:27:30 2024
Quartus Prime Version 23.1std.1 Build 993 05/14/2024 SC Lite Edition


---------------------
; Table of Contents ;
---------------------
  1. Legal Notice
  2. Analysis & Synthesis Summary
  3. Analysis & Synthesis Settings
  4. Parallel Compilation
  5. Analysis & Synthesis Messages



----------------
; Legal Notice ;
----------------
Copyright (C) 2024  Intel Corporation. All rights reserved.
Your use of Intel Corporation's design tools, logic functions 
and other software and tools, and any partner logic 
functions, and any output files from any of the foregoing 
(including device programming or simulation files), and any 
associated documentation or information are expressly subject 
to the terms and conditions of the Intel Program License 
Subscription Agreement, the Intel Quartus Prime License Agreement,
the Intel FPGA IP License Agreement, or other applicable license
agreement, including, without limitation, that your use is for
the sole purpose of programming logic devices manufactured by
Intel and sold by Intel or its authorized distributors.  Please
refer to the applicable agreement for further details, at
https://fpgasoftware.intel.com/eula.



+-------------------------------------------------------------------------------------+
; Analysis & Synthesis Summary                                                        ;
+------------------------------------+------------------------------------------------+
; Analysis & Synthesis Status        ; Failed - Sat Oct 19 16:27:30 2024              ;
; Quartus Prime Version              ; 23.1std.1 Build 993 05/14/2024 SC Lite Edition ;
; Revision Name                      ; four_bits_counter                              ;
; Top-level Entity Name              ; four_bits_counter                              ;
; Family                             ; MAX 10                                         ;
; Total logic elements               ; N/A until Partition Merge                      ;
;     Total combinational functions  ; N/A until Partition Merge                      ;
;     Dedicated logic registers      ; N/A until Partition Merge                      ;
; Total registers                    ; N/A until Partition Merge                      ;
; Total pins                         ; N/A until Partition Merge                      ;
; Total virtual pins                 ; N/A until Partition Merge                      ;
; Total memory bits                  ; N/A until Partition Merge                      ;
; Embedded Multiplier 9-bit elements ; N/A until Partition Merge                      ;
; Total PLLs                         ; N/A until Partition Merge                      ;
; UFM blocks                         ; N/A until Partition Merge                      ;
; ADC blocks                         ; N/A until Partition Merge                      ;
+------------------------------------+------------------------------------------------+


+------------------------------------------------------------------------------------------------------------+
; Analysis & Synthesis Settings                                                                              ;
+------------------------------------------------------------------+--------------------+--------------------+
; Option                                                           ; Setting            ; Default Value      ;
+------------------------------------------------------------------+--------------------+--------------------+
; Device                                                           ; 10M50DAF484C6GES   ;                    ;
; Top-level entity name                                            ; four_bits_counter  ; four_bits_counter  ;
; Family name                                                      ; MAX 10             ; Cyclone V          ;
; Use smart compilation                                            ; Off                ; Off                ;
; Enable parallel Assembler and Timing Analyzer during compilation ; On                 ; On                 ;
; Enable compact report table                                      ; Off                ; Off                ;
; Restructure Multiplexers                                         ; Auto               ; Auto               ;
; Create Debugging Nodes for IP Cores                              ; Off                ; Off                ;
; Preserve fewer node names                                        ; On                 ; On                 ;
; Intel FPGA IP Evaluation Mode                                    ; Enable             ; Enable             ;
; Verilog Version                                                  ; Verilog_2001       ; Verilog_2001       ;
; VHDL Version                                                     ; VHDL_1993          ; VHDL_1993          ;
; State Machine Processing                                         ; Auto               ; Auto               ;
; Safe State Machine                                               ; Off                ; Off                ;
; Extract Verilog State Machines                                   ; On                 ; On                 ;
; Extract VHDL State Machines                                      ; On                 ; On                 ;
; Ignore Verilog initial constructs                                ; Off                ; Off                ;
; Iteration limit for constant Verilog loops                       ; 5000               ; 5000               ;
; Iteration limit for non-constant Verilog loops                   ; 250                ; 250                ;
; Add Pass-Through Logic to Inferred RAMs                          ; On                 ; On                 ;
; Infer RAMs from Raw Logic                                        ; On                 ; On                 ;
; Parallel Synthesis                                               ; On                 ; On                 ;
; DSP Block Balancing                                              ; Auto               ; Auto               ;
; NOT Gate Push-Back                                               ; On                 ; On                 ;
; Power-Up Don't Care                                              ; On                 ; On                 ;
; Remove Redundant Logic Cells                                     ; Off                ; Off                ;
; Remove Duplicate Registers                                       ; On                 ; On                 ;
; Ignore CARRY Buffers                                             ; Off                ; Off                ;
; Ignore CASCADE Buffers                                           ; Off                ; Off                ;
; Ignore GLOBAL Buffers                                            ; Off                ; Off                ;
; Ignore ROW GLOBAL Buffers                                        ; Off                ; Off                ;
; Ignore LCELL Buffers                                             ; Off                ; Off                ;
; Ignore SOFT Buffers                                              ; On                 ; On                 ;
; Limit AHDL Integers to 32 Bits                                   ; Off                ; Off                ;
; Optimization Technique                                           ; Balanced           ; Balanced           ;
; Carry Chain Length                                               ; 70                 ; 70                 ;
; Auto Carry Chains                                                ; On                 ; On                 ;
; Auto Open-Drain Pins                                             ; On                 ; On                 ;
; Perform WYSIWYG Primitive Resynthesis                            ; Off                ; Off                ;
; Auto ROM Replacement                                             ; On                 ; On                 ;
; Auto RAM Replacement                                             ; On                 ; On                 ;
; Auto DSP Block Replacement                                       ; On                 ; On                 ;
; Auto Shift Register Replacement                                  ; Auto               ; Auto               ;
; Allow Shift Register Merging across Hierarchies                  ; Auto               ; Auto               ;
; Auto Clock Enable Replacement                                    ; On                 ; On                 ;
; Strict RAM Replacement                                           ; Off                ; Off                ;
; Allow Synchronous Control Signals                                ; On                 ; On                 ;
; Force Use of Synchronous Clear Signals                           ; Off                ; Off                ;
; Auto RAM Block Balancing                                         ; On                 ; On                 ;
; Auto RAM to Logic Cell Conversion                                ; Off                ; Off                ;
; Auto Resource Sharing                                            ; Off                ; Off                ;
; Allow Any RAM Size For Recognition                               ; Off                ; Off                ;
; Allow Any ROM Size For Recognition                               ; Off                ; Off                ;
; Allow Any Shift Register Size For Recognition                    ; Off                ; Off                ;
; Use LogicLock Constraints during Resource Balancing              ; On                 ; On                 ;
; Ignore translate_off and synthesis_off directives                ; Off                ; Off                ;
; Timing-Driven Synthesis                                          ; On                 ; On                 ;
; Report Parameter Settings                                        ; On                 ; On                 ;
; Report Source Assignments                                        ; On                 ; On                 ;
; Report Connectivity Checks                                       ; On                 ; On                 ;
; Ignore Maximum Fan-Out Assignments                               ; Off                ; Off                ;
; Synchronization Register Chain Length                            ; 2                  ; 2                  ;
; Power Optimization During Synthesis                              ; Normal compilation ; Normal compilation ;
; HDL message level                                                ; Level2             ; Level2             ;
; Suppress Register Optimization Related Messages                  ; Off                ; Off                ;
; Number of Removed Registers Reported in Synthesis Report         ; 5000               ; 5000               ;
; Number of Swept Nodes Reported in Synthesis Report               ; 5000               ; 5000               ;
; Number of Inverted Registers Reported in Synthesis Report        ; 100                ; 100                ;
; Clock MUX Protection                                             ; On                 ; On                 ;
; Auto Gated Clock Conversion                                      ; Off                ; Off                ;
; Block Design Naming                                              ; Auto               ; Auto               ;
; SDC constraint protection                                        ; Off                ; Off                ;
; Synthesis Effort                                                 ; Auto               ; Auto               ;
; Shift Register Replacement - Allow Asynchronous Clear Signal     ; On                 ; On                 ;
; Pre-Mapping Resynthesis Optimization                             ; Off                ; Off                ;
; Analysis & Synthesis Message Level                               ; Medium             ; Medium             ;
; Disable Register Merging Across Hierarchies                      ; Auto               ; Auto               ;
; Resource Aware Inference For Block RAM                           ; On                 ; On                 ;
+------------------------------------------------------------------+--------------------+--------------------+


+------------------------------------------+
; Parallel Compilation                     ;
+----------------------------+-------------+
; Processors                 ; Number      ;
+----------------------------+-------------+
; Number detected on machine ; 4           ;
; Maximum allowed            ; 2           ;
;                            ;             ;
; Average used               ; 1.00        ;
; Maximum used               ; 1           ;
;                            ;             ;
; Usage by Processor         ; % Time Used ;
;     Processor 1            ; 100.0%      ;
+----------------------------+-------------+


+-------------------------------+
; Analysis & Synthesis Messages ;
+-------------------------------+
Info: *******************************************************************
Info: Running Quartus Prime Analysis & Synthesis
    Info: Version 23.1std.1 Build 993 05/14/2024 SC Lite Edition
    Info: Processing started: Sat Oct 19 16:26:50 2024
Info: Command: quartus_map --read_settings_files=on --write_settings_files=off four_bits_counter -c four_bits_counter
Warning (18236): Number of processors has not been specified which may cause overloading on shared machines.  Set the global assignment NUM_PARALLEL_PROCESSORS in your QSF to an appropriate value for best performance.
Info (20030): Parallel compilation is enabled and will use 2 of the 2 processors detected
Info (12021): Found 2 design units, including 1 entities, in source file four_bits_counter.vhd
    Info (12022): Found design unit 1: four_bits_counter-rtl File: C:/Users/Choaib ELMADI/Downloads/D.I.F.Y/7. Electronics/2. FPGA/Getting Started with VHDL/Projects/Quartus/4BitsCounter/four_bits_counter.vhd Line: 14
    Info (12023): Found entity 1: four_bits_counter File: C:/Users/Choaib ELMADI/Downloads/D.I.F.Y/7. Electronics/2. FPGA/Getting Started with VHDL/Projects/Quartus/4BitsCounter/four_bits_counter.vhd Line: 5
Info (12127): Elaborating entity "four_bits_counter" for the top level hierarchy
Warning (10631): VHDL Process Statement warning at four_bits_counter.vhd(18): inferring latch(es) for signal or variable "counter", which holds its previous value in one or more paths through the process File: C:/Users/Choaib ELMADI/Downloads/D.I.F.Y/7. Electronics/2. FPGA/Getting Started with VHDL/Projects/Quartus/4BitsCounter/four_bits_counter.vhd Line: 18
Info (10041): Inferred latch for "counter[0]" at four_bits_counter.vhd(18) File: C:/Users/Choaib ELMADI/Downloads/D.I.F.Y/7. Electronics/2. FPGA/Getting Started with VHDL/Projects/Quartus/4BitsCounter/four_bits_counter.vhd Line: 18
Info (10041): Inferred latch for "counter[1]" at four_bits_counter.vhd(18) File: C:/Users/Choaib ELMADI/Downloads/D.I.F.Y/7. Electronics/2. FPGA/Getting Started with VHDL/Projects/Quartus/4BitsCounter/four_bits_counter.vhd Line: 18
Info (10041): Inferred latch for "counter[2]" at four_bits_counter.vhd(18) File: C:/Users/Choaib ELMADI/Downloads/D.I.F.Y/7. Electronics/2. FPGA/Getting Started with VHDL/Projects/Quartus/4BitsCounter/four_bits_counter.vhd Line: 18
Info (10041): Inferred latch for "counter[3]" at four_bits_counter.vhd(18) File: C:/Users/Choaib ELMADI/Downloads/D.I.F.Y/7. Electronics/2. FPGA/Getting Started with VHDL/Projects/Quartus/4BitsCounter/four_bits_counter.vhd Line: 18
Error (10028): Can't resolve multiple constant drivers for net "counter[3]" at four_bits_counter.vhd(32) File: C:/Users/Choaib ELMADI/Downloads/D.I.F.Y/7. Electronics/2. FPGA/Getting Started with VHDL/Projects/Quartus/4BitsCounter/four_bits_counter.vhd Line: 32
Error (10029): Constant driver at four_bits_counter.vhd(18) File: C:/Users/Choaib ELMADI/Downloads/D.I.F.Y/7. Electronics/2. FPGA/Getting Started with VHDL/Projects/Quartus/4BitsCounter/four_bits_counter.vhd Line: 18
Error (10028): Can't resolve multiple constant drivers for net "counter[2]" at four_bits_counter.vhd(32) File: C:/Users/Choaib ELMADI/Downloads/D.I.F.Y/7. Electronics/2. FPGA/Getting Started with VHDL/Projects/Quartus/4BitsCounter/four_bits_counter.vhd Line: 32
Error (10028): Can't resolve multiple constant drivers for net "counter[1]" at four_bits_counter.vhd(32) File: C:/Users/Choaib ELMADI/Downloads/D.I.F.Y/7. Electronics/2. FPGA/Getting Started with VHDL/Projects/Quartus/4BitsCounter/four_bits_counter.vhd Line: 32
Error (10028): Can't resolve multiple constant drivers for net "counter[0]" at four_bits_counter.vhd(32) File: C:/Users/Choaib ELMADI/Downloads/D.I.F.Y/7. Electronics/2. FPGA/Getting Started with VHDL/Projects/Quartus/4BitsCounter/four_bits_counter.vhd Line: 32
Error (12153): Can't elaborate top-level user hierarchy
Error: Quartus Prime Analysis & Synthesis was unsuccessful. 6 errors, 2 warnings
    Error: Peak virtual memory: 4780 megabytes
    Error: Processing ended: Sat Oct 19 16:27:30 2024
    Error: Elapsed time: 00:00:40
    Error: Total CPU time (on all processors): 00:00:54


